<?xml version="1.0" encoding="UTF-8"?>
<!-- Generated by org.testng.reporters.JUnitXMLReporter -->
<testsuite ignored="0" hostname="Shreyonika" failures="0" tests="10" name="Default test" time="19.552" errors="0" timestamp="2024-03-11T13:19:11 IST">
  <testcase classname="com.QDTAS_HRM.PostRequestForDepartmentSection" name="generateToken" time="6.889"/>
  <testcase classname="com.QDTAS_HRM.PostRequestForDepartmentSection" name="addDepatment" time="1.393"/>
  <testcase classname="com.QDTAS_HRM.PostRequestForDepartmentSection" name="addDepatment" time="0.97"/>
  <testcase classname="com.QDTAS_HRM.PostRequestForDepartmentSection" name="addDepatment" time="1.087"/>
  <testcase classname="com.QDTAS_HRM.PostRequestForDepartmentSection" name="addDepatment" time="1.62"/>
  <testcase classname="com.QDTAS_HRM.PostRequestForDepartmentSection" name="addDepatment" time="0.985"/>
  <testcase classname="com.QDTAS_HRM.PostRequestForDepartmentSection" name="updateDepatment" time="1.471"/>
  <testcase classname="com.QDTAS_HRM.PostRequestForDepartmentSection" name="getAllEmpByDeptId" time="1.822"/>
  <testcase classname="com.QDTAS_HRM.PostRequestForDepartmentSection" name="AllDept" time="1.099"/>
  <testcase classname="com.QDTAS_HRM.PostRequestForDepartmentSection" name="deleteDepartment" time="1.018"/>
</testsuite> <!-- Default test -->
