<?xml version="1.0" encoding="UTF-8"?>
<!-- Generated by org.testng.reporters.JUnitXMLReporter -->
<testsuite ignored="0" hostname="Shreyonika" failures="0" tests="10" name="Test" time="16.996" errors="0" timestamp="2024-03-11T13:19:51 IST">
  <testcase classname="com.QDTAS_HRM.PostRequestForDepartmentSection" name="generateToken" time="5.565"/>
  <testcase classname="com.QDTAS_HRM.PostRequestForDepartmentSection" name="addDepatment" time="1.127"/>
  <testcase classname="com.QDTAS_HRM.PostRequestForDepartmentSection" name="addDepatment" time="1.104"/>
  <testcase classname="com.QDTAS_HRM.PostRequestForDepartmentSection" name="addDepatment" time="1.032"/>
  <testcase classname="com.QDTAS_HRM.PostRequestForDepartmentSection" name="addDepatment" time="0.973"/>
  <testcase classname="com.QDTAS_HRM.PostRequestForDepartmentSection" name="addDepatment" time="0.962"/>
  <testcase classname="com.QDTAS_HRM.PostRequestForDepartmentSection" name="updateDepatment" time="1.416"/>
  <testcase classname="com.QDTAS_HRM.PostRequestForDepartmentSection" name="getAllEmpByDeptId" time="1.237"/>
  <testcase classname="com.QDTAS_HRM.PostRequestForDepartmentSection" name="AllDept" time="1.223"/>
  <testcase classname="com.QDTAS_HRM.PostRequestForDepartmentSection" name="deleteDepartment" time="0.939"/>
</testsuite> <!-- Test -->
