<?xml version="1.0" encoding="UTF-8"?>
<testng-results ignored="0" total="10" passed="10" failed="0" skipped="0">
  <reporter-output>
  </reporter-output>
  <suite started-at="2024-03-11T13:19:34 IST" name="Suite" finished-at="2024-03-11T13:19:51 IST" duration-ms="16996">
    <groups>
    </groups>
    <test started-at="2024-03-11T13:19:34 IST" name="Test" finished-at="2024-03-11T13:19:51 IST" duration-ms="16996">
      <class name="com.QDTAS_HRM.PostRequestForDepartmentSection">
        <test-method signature="generateToken()[pri:1, instance:com.QDTAS_HRM.PostRequestForDepartmentSection@1c7696c6]" started-at="2024-03-11T13:19:34 IST" name="generateToken" finished-at="2024-03-11T13:19:40 IST" duration-ms="5565" status="PASS">
          <reporter-output>
          </reporter-output>
        </test-method> <!-- generateToken -->
        <test-method signature="addDepatment(java.lang.String,java.lang.String)[pri:2, instance:com.QDTAS_HRM.PostRequestForDepartmentSection@1c7696c6]" started-at="2024-03-11T13:19:40 IST" name="addDepatment" data-provider="empDataProvider" finished-at="2024-03-11T13:19:42 IST" duration-ms="1127" status="PASS">
          <params>
            <param index="0">
              <value>
                <![CDATA[26]]>
              </value>
            </param>
            <param index="1">
              <value>
                <![CDATA[Finance]]>
              </value>
            </param>
          </params>
          <reporter-output>
          </reporter-output>
        </test-method> <!-- addDepatment -->
        <test-method signature="addDepatment(java.lang.String,java.lang.String)[pri:2, instance:com.QDTAS_HRM.PostRequestForDepartmentSection@1c7696c6]" started-at="2024-03-11T13:19:42 IST" name="addDepatment" data-provider="empDataProvider" finished-at="2024-03-11T13:19:43 IST" duration-ms="1104" status="PASS">
          <params>
            <param index="0">
              <value>
                <![CDATA[28]]>
              </value>
            </param>
            <param index="1">
              <value>
                <![CDATA[QA]]>
              </value>
            </param>
          </params>
          <reporter-output>
          </reporter-output>
        </test-method> <!-- addDepatment -->
        <test-method signature="addDepatment(java.lang.String,java.lang.String)[pri:2, instance:com.QDTAS_HRM.PostRequestForDepartmentSection@1c7696c6]" started-at="2024-03-11T13:19:43 IST" name="addDepatment" data-provider="empDataProvider" finished-at="2024-03-11T13:19:44 IST" duration-ms="1032" status="PASS">
          <params>
            <param index="0">
              <value>
                <![CDATA[29]]>
              </value>
            </param>
            <param index="1">
              <value>
                <![CDATA[Dev]]>
              </value>
            </param>
          </params>
          <reporter-output>
          </reporter-output>
        </test-method> <!-- addDepatment -->
        <test-method signature="addDepatment(java.lang.String,java.lang.String)[pri:2, instance:com.QDTAS_HRM.PostRequestForDepartmentSection@1c7696c6]" started-at="2024-03-11T13:19:44 IST" name="addDepatment" data-provider="empDataProvider" finished-at="2024-03-11T13:19:45 IST" duration-ms="973" status="PASS">
          <params>
            <param index="0">
              <value>
                <![CDATA[30]]>
              </value>
            </param>
            <param index="1">
              <value>
                <![CDATA[HR]]>
              </value>
            </param>
          </params>
          <reporter-output>
          </reporter-output>
        </test-method> <!-- addDepatment -->
        <test-method signature="addDepatment(java.lang.String,java.lang.String)[pri:2, instance:com.QDTAS_HRM.PostRequestForDepartmentSection@1c7696c6]" started-at="2024-03-11T13:19:45 IST" name="addDepatment" data-provider="empDataProvider" finished-at="2024-03-11T13:19:46 IST" duration-ms="962" status="PASS">
          <params>
            <param index="0">
              <value>
                <![CDATA[45]]>
              </value>
            </param>
            <param index="1">
              <value>
                <![CDATA[Marketing]]>
              </value>
            </param>
          </params>
          <reporter-output>
          </reporter-output>
        </test-method> <!-- addDepatment -->
        <test-method signature="updateDepatment()[pri:3, instance:com.QDTAS_HRM.PostRequestForDepartmentSection@1c7696c6]" started-at="2024-03-11T13:19:46 IST" name="updateDepatment" finished-at="2024-03-11T13:19:47 IST" duration-ms="1416" status="PASS">
          <reporter-output>
          </reporter-output>
        </test-method> <!-- updateDepatment -->
        <test-method signature="getAllEmpByDeptId()[pri:4, instance:com.QDTAS_HRM.PostRequestForDepartmentSection@1c7696c6]" started-at="2024-03-11T13:19:47 IST" name="getAllEmpByDeptId" finished-at="2024-03-11T13:19:48 IST" duration-ms="1237" status="PASS">
          <reporter-output>
          </reporter-output>
        </test-method> <!-- getAllEmpByDeptId -->
        <test-method signature="AllDept()[pri:5, instance:com.QDTAS_HRM.PostRequestForDepartmentSection@1c7696c6]" started-at="2024-03-11T13:19:48 IST" name="AllDept" finished-at="2024-03-11T13:19:50 IST" duration-ms="1223" status="PASS">
          <reporter-output>
          </reporter-output>
        </test-method> <!-- AllDept -->
        <test-method signature="deleteDepartment()[pri:6, instance:com.QDTAS_HRM.PostRequestForDepartmentSection@1c7696c6]" started-at="2024-03-11T13:19:50 IST" name="deleteDepartment" finished-at="2024-03-11T13:19:51 IST" duration-ms="939" status="PASS">
          <reporter-output>
          </reporter-output>
        </test-method> <!-- deleteDepartment -->
      </class> <!-- com.QDTAS_HRM.PostRequestForDepartmentSection -->
    </test> <!-- Test -->
  </suite> <!-- Suite -->
</testng-results>
